<?xml version="1.0" encoding="UTF-8"?>
<!-- Generated by org.testng.reporters.JUnitXMLReporter -->
<testsuite hostname="INBLRWIT238540" ignored="1" name="Test2" tests="8" failures="4" timestamp="06 Mar 2020 14:07:25 GMT" time="4.233" errors="0">
  <testcase name="GETCreateRequestList" time="0.002" classname="com.volvo.gloria.RequestListOverview.CreateRequestList">
    <failure type="java.lang.NullPointerException">
      <![CDATA[java.lang.NullPointerException
at com.volvo.gloria.RequestListOverview.CreateRequestList.GETCreateRequestList(CreateRequestList.java:80)
... Removed 25 stack frames]]>
    </failure>
  </testcase> <!-- GETCreateRequestList -->
  <testcase name="GETDeliveryInformationTest" time="1.107" classname="com.volvo.gloria.RequestListOverview.CreateRequestList"/>
  <testcase name="GETMaterialLineTest" time="0.488" classname="com.volvo.gloria.RequestListOverview.CreateRequestList"/>
  <testcase name="GETRoles" time="0.521" classname="com.volvo.gloria.RequestListOverview.CreateRequestList">
    <failure type="java.lang.AssertionError" message="1 expectation failed.
Expected status code &amp;lt;200&amp;gt; but was &amp;lt;401&amp;gt;.
">
      <![CDATA[java.lang.AssertionError: 1 expectation failed.
Expected status code <200> but was <401>.

at org.codehaus.groovy.runtime.callsite.ConstructorSite$ConstructorSiteNoUnwrap.callConstructor(ConstructorSite.java:84)
at org.codehaus.groovy.runtime.callsite.AbstractCallSite.callConstructor(AbstractCallSite.java:249)
at io.restassured.internal.ResponseSpecificationImpl$HamcrestAssertionClosure.validate(ResponseSpecificationImpl.groovy:493)
at io.restassured.internal.ResponseSpecificationImpl$HamcrestAssertionClosure$validate$1.call(Unknown Source)
at io.restassured.internal.ResponseSpecificationImpl.validateResponseIfRequired(ResponseSpecificationImpl.groovy:674)
at org.codehaus.groovy.runtime.callsite.PlainObjectMetaMethodSite.doInvoke(PlainObjectMetaMethodSite.java:43)
at org.codehaus.groovy.runtime.callsite.PogoMetaMethodSite$PogoCachedMethodSiteNoUnwrapNoCoerce.invoke(PogoMetaMethodSite.java:190)
at org.codehaus.groovy.runtime.callsite.PogoMetaMethodSite.callCurrent(PogoMetaMethodSite.java:58)
at org.codehaus.groovy.runtime.callsite.AbstractCallSite.callCurrent(AbstractCallSite.java:168)
at io.restassured.internal.ResponseSpecificationImpl.statusCode(ResponseSpecificationImpl.groovy:126)
at io.restassured.specification.ResponseSpecification$statusCode$0.callCurrent(Unknown Source)
at io.restassured.internal.ResponseSpecificationImpl.statusCode(ResponseSpecificationImpl.groovy:134)
at io.restassured.internal.ValidatableResponseOptionsImpl.statusCode(ValidatableResponseOptionsImpl.java:89)
at io.restassured.internal.ValidatableResponseImpl.super$2$statusCode(ValidatableResponseImpl.groovy)
at groovy.lang.MetaMethod.doMethodInvoke(MetaMethod.java:323)
at groovy.lang.MetaClassImpl.invokeMethod(MetaClassImpl.java:1217)
at org.codehaus.groovy.runtime.ScriptBytecodeAdapter.invokeMethodOnSuperN(ScriptBytecodeAdapter.java:144)
at io.restassured.internal.ValidatableResponseImpl.statusCode(ValidatableResponseImpl.groovy:142)
at io.restassured.internal.ValidatableResponseImpl.statusCode(ValidatableResponseImpl.groovy)
at com.volvo.gloria.RequestListOverview.CreateRequestList.GETRoles(CreateRequestList.java:96)
... Removed 37 stack frames]]>
    </failure>
  </testcase> <!-- GETRoles -->
  <testcase name="POSTSendRequestList" time="0.001" classname="com.volvo.gloria.RequestListOverview.CreateRequestList"/>
  <testcase name="GetRequestListOverviewPage" time="0.667" classname="com.volvo.gloria.RequestListOverview.RequestListOverviewTest"/>
  <testcase name="GetRequestListOverviewSites" time="0.414" classname="com.volvo.gloria.RequestListOverview.RequestListOverviewTest">
    <failure type="java.lang.AssertionError" message="1 expectation failed.
Expected status code &amp;lt;200&amp;gt; but was &amp;lt;401&amp;gt;.
">
      <![CDATA[java.lang.AssertionError: 1 expectation failed.
Expected status code <200> but was <401>.

at org.codehaus.groovy.runtime.callsite.ConstructorSite$ConstructorSiteNoUnwrap.callConstructor(ConstructorSite.java:84)
at org.codehaus.groovy.runtime.callsite.AbstractCallSite.callConstructor(AbstractCallSite.java:249)
at io.restassured.internal.ResponseSpecificationImpl$HamcrestAssertionClosure.validate(ResponseSpecificationImpl.groovy:493)
at io.restassured.internal.ResponseSpecificationImpl$HamcrestAssertionClosure$validate$1.call(Unknown Source)
at io.restassured.internal.ResponseSpecificationImpl.validateResponseIfRequired(ResponseSpecificationImpl.groovy:674)
at org.codehaus.groovy.runtime.callsite.PlainObjectMetaMethodSite.doInvoke(PlainObjectMetaMethodSite.java:43)
at org.codehaus.groovy.runtime.callsite.PogoMetaMethodSite$PogoCachedMethodSiteNoUnwrapNoCoerce.invoke(PogoMetaMethodSite.java:190)
at org.codehaus.groovy.runtime.callsite.PogoMetaMethodSite.callCurrent(PogoMetaMethodSite.java:58)
at org.codehaus.groovy.runtime.callsite.AbstractCallSite.callCurrent(AbstractCallSite.java:168)
at io.restassured.internal.ResponseSpecificationImpl.statusCode(ResponseSpecificationImpl.groovy:126)
at io.restassured.specification.ResponseSpecification$statusCode$0.callCurrent(Unknown Source)
at io.restassured.internal.ResponseSpecificationImpl.statusCode(ResponseSpecificationImpl.groovy:134)
at io.restassured.internal.ValidatableResponseOptionsImpl.statusCode(ValidatableResponseOptionsImpl.java:89)
at io.restassured.internal.ValidatableResponseImpl.super$2$statusCode(ValidatableResponseImpl.groovy)
at groovy.lang.MetaMethod.doMethodInvoke(MetaMethod.java:323)
at groovy.lang.MetaClassImpl.invokeMethod(MetaClassImpl.java:1217)
at org.codehaus.groovy.runtime.ScriptBytecodeAdapter.invokeMethodOnSuperN(ScriptBytecodeAdapter.java:144)
at io.restassured.internal.ValidatableResponseImpl.statusCode(ValidatableResponseImpl.groovy:142)
at io.restassured.internal.ValidatableResponseImpl.statusCode(ValidatableResponseImpl.groovy)
at com.volvo.gloria.RequestListOverview.RequestListOverviewTest.GetRequestListOverviewSites(RequestListOverviewTest.java:72)
... Removed 37 stack frames]]>
    </failure>
  </testcase> <!-- GetRequestListOverviewSites -->
  <testcase name="GetRequestListOverviewWarehouse" time="0.423" classname="com.volvo.gloria.RequestListOverview.RequestListOverviewTest">
    <failure type="java.lang.AssertionError" message="1 expectation failed.
Response body doesn&amp;apos;t match expectation.
Expected: a string containing &amp;quot;[{\&amp;quot;id\&amp;quot;:14,\&amp;quot;version\&amp;quot;:2,\&amp;quot;defaultPrinter\&amp;quot;:13,\&amp;quot;siteId\&amp;quot;:\&amp;quot;47941\&amp;quot;,\&amp;quot;siteCode\&amp;quot;:\&amp;quot;Camrett\&amp;quot;,\&amp;quot;siteName\&amp;quot;:\&amp;quot;Camrett\&amp;quot;,\&amp;quot;countryCode\&amp;quot;:\&amp;quot;US\&amp;quot;,\&amp;quot;companyCode\&amp;quot;:\&amp;quot;US10\&amp;quot;,\&amp;quot;address\&amp;quot;:\&amp;quot;Camrett Logistics, 6540 Viscoe Road,Radford,VA 24141\&amp;quot;,\&amp;quot;setUp\&amp;quot;:\&amp;quot;AISLE\&amp;quot;,\&amp;quot;qiSupported\&amp;quot;:true},{\&amp;quot;id\&amp;quot;:8,\&amp;quot;version\&amp;quot;:2,\&amp;quot;defaultPrinter\&amp;quot;:6,\&amp;quot;siteId\&amp;quot;:\&amp;quot;8374\&amp;quot;,\&amp;quot;siteCode\&amp;quot;:\&amp;quot;AGE PT\&amp;quot;,\&amp;quot;siteName\&amp;quot;:\&amp;quot;GTO Ageo Eng Assy plant/GTT Proto WS\&amp;quot;,\&amp;quot;countryCode\&amp;quot;:\&amp;quot;JP\&amp;quot;,\&amp;quot;companyCode\&amp;quot;:\&amp;quot;JP40\&amp;quot;,\&amp;quot;address\&amp;quot;:\&amp;quot;Street 1-1 Postal Code 362-8523, AGEO-SHI\&amp;quot;,\&amp;quot;setUp\&amp;quot;:\&amp;quot;ROW\&amp;quot;,\&amp;quot;qiSupported\&amp;quot;:true},{\&amp;quot;id\&amp;quot;:15,\&amp;quot;version\&amp;quot;:1,\&amp;quot;defaultPrinter\&amp;quot;:24,\&amp;quot;siteId\&amp;quot;:\&amp;quot;37837\&amp;quot;,\&amp;quot;siteCode\&amp;quot;:\&amp;quot;37837\&amp;quot;,\&amp;quot;siteName\&amp;quot;:\&amp;quot;GTT Australia proto WS\&amp;quot;,\&amp;quot;countryCode\&amp;quot;:\&amp;quot;AU\&amp;quot;,\&amp;quot;companyCode\&amp;quot;:\&amp;quot;AU04\&amp;quot;,\&amp;quot;address\&amp;quot;:\&amp;quot;Volvo Group Trucks Technology,36 Viking Drive,Wacol QLD 4076, Australia\&amp;quot;,\&amp;quot;setUp\&amp;quot;:\&amp;quot;ROW\&amp;quot;,\&amp;quot;qiSupported\&amp;quot;:false},{\&amp;quot;id\&amp;quot;:3,\&amp;quot;version\&amp;quot;:1,\&amp;quot;defaultPrinter\&amp;quot;:0,\&amp;quot;siteId\&amp;quot;:\&amp;quot;36012\&amp;quot;,\&amp;quot;siteCode\&amp;quot;:\&amp;quot;BL Gare X2\&amp;quot;,\&amp;quot;siteName\&amp;quot;:\&amp;quot;GTT Blainville Gare X2\&amp;quot;,\&amp;quot;countryCode\&amp;quot;:\&amp;quot;FR\&amp;quot;,\&amp;quot;companyCode\&amp;quot;:\&amp;quot;FR46\&amp;quot;,\&amp;quot;address\&amp;quot;:\&amp;quot;rue du Canal, 14550, BLAINVILLE-SUR-ORNE\&amp;quot;,\&amp;quot;setUp\&amp;quot;:\&amp;quot;ROW\&amp;quot;,\&amp;quot;qiSupported\&amp;quot;:false},{\&amp;quot;id\&amp;quot;:6,\&amp;quot;version\&amp;quot;:2,\&amp;quot;defaultPrinter\&amp;quot;:2,\&amp;quot;siteId\&amp;quot;:\&amp;quot;47670\&amp;quot;,\&amp;quot;siteCode\&amp;quot;:\&amp;quot;CUR BLCW\&amp;quot;,\&amp;quot;siteName\&amp;quot;:\&amp;quot;GTT Curitiba Prototype Warehouse\&amp;quot;,\&amp;quot;countryCode\&amp;quot;:\&amp;quot;BR\&amp;quot;,\&amp;quot;companyCode\&amp;quot;:\&amp;quot;BR03\&amp;quot;,\&amp;quot;address\&amp;quot;:\&amp;quot;Av. Juscelino K de Oliveira, 2600, CURITIBA\&amp;quot;,\&amp;quot;setUp\&amp;quot;:\&amp;quot;AISLE\&amp;quot;,\&amp;quot;qiSupported\&amp;quot;:true},{\&amp;quot;id\&amp;quot;:13,\&amp;quot;version\&amp;quot;:2,\&amp;quot;defaultPrinter\&amp;quot;:0,\&amp;quot;siteId\&amp;quot;:\&amp;quot;4042\&amp;quot;,\&amp;quot;siteCode\&amp;quot;:\&amp;quot;GSO\&amp;quot;,\&amp;quot;siteName\&amp;quot;:\&amp;quot;GTT Greensboro Proto WS\&amp;quot;,\&amp;quot;countryCode\&amp;quot;:\&amp;quot;US\&amp;quot;,\&amp;quot;companyCode\&amp;quot;:\&amp;quot;US10\&amp;quot;,\&amp;quot;address\&amp;quot;:\&amp;quot;661 Brigham Road, Suite 100, NC-27409, Greensboro,United States\&amp;quot;,\&amp;quot;setUp\&amp;quot;:\&amp;quot;AISLE\&amp;quot;,\&amp;quot;qiSupported\&amp;quot;:true},{\&amp;quot;id\&amp;quot;:7,\&amp;quot;version\&amp;quot;:2,\&amp;quot;defaultPrinter\&amp;quot;:5,\&amp;quot;siteId\&amp;quot;:\&amp;quot;45907\&amp;quot;,\&amp;quot;siteCode\&amp;quot;:\&amp;quot;HAG PP\&amp;quot;,\&amp;quot;siteName\&amp;quot;:\&amp;quot;GTT Hagerstown Proto warehouse\&amp;quot;,\&amp;quot;countryCode\&amp;quot;:\&amp;quot;US\&amp;quot;,\&amp;quot;companyCode\&amp;quot;:\&amp;quot;US45\&amp;quot;,\&amp;quot;address\&amp;quot;:\&amp;quot;Drop Area B-3, 13302 Pennsylvania Avenue, 21742 HAGERSTOWN\&amp;quot;,\&amp;quot;setUp\&amp;quot;:\&amp;quot;AISLE\&amp;quot;,\&amp;quot;qiSupported\&amp;quot;:true},{\&amp;quot;id\&amp;quot;:5,\&amp;quot;version\&amp;quot;:2,\&amp;quot;defaultPrinter\&amp;quot;:3,\&amp;quot;siteId\&amp;quot;:\&amp;quot;42102\&amp;quot;,\&amp;quot;siteCode\&amp;quot;:\&amp;quot;GTT BLR\&amp;quot;,\&amp;quot;siteName\&amp;quot;:\&amp;quot;GTT Hoskote Proto WS\&amp;quot;,\&amp;quot;countryCode\&amp;quot;:\&amp;quot;IN\&amp;quot;,\&amp;quot;companyCode\&amp;quot;:\&amp;quot;IN01\&amp;quot;,\&amp;quot;address\&amp;quot;:\&amp;quot;Yalachahally,Taverekere Post, Hosakote\&amp;quot;,\&amp;quot;setUp\&amp;quot;:\&amp;quot;ROW\&amp;quot;,\&amp;quot;qiSupported\&amp;quot;:true},{\&amp;quot;id\&amp;quot;:10,\&amp;quot;version\&amp;quot;:8,\&amp;quot;defaultPrinter\&amp;quot;:16,\&amp;quot;siteId\&amp;quot;:\&amp;quot;1722\&amp;quot;,\&amp;quot;siteCode\&amp;quot;:\&amp;quot;PE Lundby\&amp;quot;,\&amp;quot;siteName\&amp;quot;:\&amp;quot;GTT Lundby (O, UV) Proto WS\&amp;quot;,\&amp;quot;countryCode\&amp;quot;:\&amp;quot;SE\&amp;quot;,\&amp;quot;companyCode\&amp;quot;:\&amp;quot;SE04\&amp;quot;,\&amp;quot;address\&amp;quot;:\&amp;quot;Lundby \&amp;quot;,\&amp;quot;setUp\&amp;quot;:\&amp;quot;ROW\&amp;quot;,\&amp;quot;qiSupported\&amp;quot;:true},{\&amp;quot;id\&amp;quot;:12,\&amp;quot;version\&amp;quot;:3,\&amp;quot;defaultPrinter\&amp;quot;:14,\&amp;quot;siteId\&amp;quot;:\&amp;quot;664\&amp;quot;,\&amp;quot;siteCode\&amp;quot;:\&amp;quot;N5\&amp;quot;,\&amp;quot;siteName\&amp;quot;:\&amp;quot;GTT Lundby, Prototype warehouse (N5)\&amp;quot;,\&amp;quot;countryCode\&amp;quot;:\&amp;quot;SE\&amp;quot;,\&amp;quot;companyCode\&amp;quot;:\&amp;quot;SE04\&amp;quot;,\&amp;quot;address\&amp;quot;:\&amp;quot;Volvo Trucks Corperation, GTT Lundby, Prototype warehouse N5/187 John Bunyans v?g 3, SE-41729, G?teborg Sweden\&amp;quot;,\&amp;quot;setUp\&amp;quot;:\&amp;quot;ROW\&amp;quot;,\&amp;quot;qiSupported\&amp;quot;:true},{\&amp;quot;id\&amp;quot;:11,\&amp;quot;version\&amp;quot;:2,\&amp;quot;defaultPrinter\&amp;quot;:10,\&amp;quot;siteId\&amp;quot;:\&amp;quot;2919\&amp;quot;,\&amp;quot;siteCode\&amp;quot;:\&amp;quot;MAL\&amp;quot;,\&amp;quot;siteName\&amp;quot;:\&amp;quot;GTT Malm? Prototype workshop\&amp;quot;,\&amp;quot;countryCode\&amp;quot;:\&amp;quot;SE\&amp;quot;,\&amp;quot;companyCode\&amp;quot;:\&amp;quot;SE04\&amp;quot;,\&amp;quot;address\&amp;quot;:\&amp;quot;Volvo Powertrain AB, J?gershillgatan 22, 213 75 MALM?\&amp;quot;,\&amp;quot;setUp\&amp;quot;:\&amp;quot;ROW\&amp;quot;,\&amp;quot;qiSupported\&amp;quot;:true},{\&amp;quot;id\&amp;quot;:2,\&amp;quot;version\&amp;quot;:2,\&amp;quot;defaultPrinter\&amp;quot;:1,\&amp;quot;siteId\&amp;quot;:\&amp;quot;34347\&amp;quot;,\&amp;quot;siteCode\&amp;quot;:\&amp;quot;LY Gare 54\&amp;quot;,\&amp;quot;siteName\&amp;quot;:\&amp;quot;GTT Saint-Priest Gare 54 Prototype warehouse\&amp;quot;,\&amp;quot;countryCode\&amp;quot;:\&amp;quot;FR\&amp;quot;,\&amp;quot;companyCode\&amp;quot;:\&amp;quot;FR46\&amp;quot;,\&amp;quot;address\&amp;quot;:\&amp;quot;1 Av Henri Germain Postal Code 69802 SAINT-PRIEST CEDEX\&amp;quot;,\&amp;quot;setUp\&amp;quot;:\&amp;quot;ROW\&amp;quot;,\&amp;quot;qiSupported\&amp;quot;:true},{\&amp;quot;id\&amp;quot;:1,\&amp;quot;version\&amp;quot;:1,\&amp;quot;defaultPrinter\&amp;quot;:0,\&amp;quot;siteId\&amp;quot;:\&amp;quot;34331\&amp;quot;,\&amp;quot;siteCode\&amp;quot;:\&amp;quot;LY GARE 55\&amp;quot;,\&amp;quot;siteName\&amp;quot;:\&amp;quot;GTT Saint-Priest Gare 55\&amp;quot;,\&amp;quot;countryCode\&amp;quot;:\&amp;quot;FR\&amp;quot;,\&amp;quot;companyCode\&amp;quot;:\&amp;quot;FR46\&amp;quot;,\&amp;quot;address\&amp;quot;:\&amp;quot;Renault trucks gare 55, 99 route de Lyon, 69806, SAINT PRIEST\&amp;quot;,\&amp;quot;setUp\&amp;quot;:\&amp;quot;ROW\&amp;quot;,\&amp;quot;qiSupported\&amp;quot;:false},{\&amp;quot;id\&amp;quot;:4,\&amp;quot;version\&amp;quot;:1,\&amp;quot;defaultPrinter\&amp;quot;:0,\&amp;quot;siteId\&amp;quot;:\&amp;quot;40382\&amp;quot;,\&amp;quot;siteCode\&amp;quot;:\&amp;quot;LY Gare C8\&amp;quot;,\&amp;quot;siteName\&amp;quot;:\&amp;quot;GTT Saint-Priest Gare C8\&amp;quot;,\&amp;quot;countryCode\&amp;quot;:\&amp;quot;FR\&amp;quot;,\&amp;quot;companyCode\&amp;quot;:\&amp;quot;FR46\&amp;quot;,\&amp;quot;address\&amp;quot;:\&amp;quot;Renault Trucks gare C8, 99 route de Lyon, 69806, SAINT PRIEST\&amp;quot;,\&amp;quot;setUp\&amp;quot;:\&amp;quot;ROW\&amp;quot;,\&amp;quot;qiSupported\&amp;quot;:false},{\&amp;quot;id\&amp;quot;:9,\&amp;quot;version\&amp;quot;:2,\&amp;quot;defaultPrinter\&amp;quot;:9,\&amp;quot;siteId\&amp;quot;:\&amp;quot;1620\&amp;quot;,\&amp;quot;siteCode\&amp;quot;:\&amp;quot;SKO PP\&amp;quot;,\&amp;quot;siteName\&amp;quot;:\&amp;quot;GTT Sk?vde Proto\&amp;quot;,\&amp;quot;countryCode\&amp;quot;:\&amp;quot;SE\&amp;quot;,\&amp;quot;companyCode\&amp;quot;:\&amp;quot;SE04\&amp;quot;,\&amp;quot;address\&amp;quot;:\&amp;quot;Volvov?gen 5 F-Port, 541 87 SK?VDE\&amp;quot;,\&amp;quot;setUp\&amp;quot;:\&amp;quot;ROW\&amp;quot;,\&amp;quot;qiSupported\&amp;quot;:true}]&amp;quot;
  Actual: [{&amp;quot;id&amp;quot;:14,&amp;quot;version&amp;quot;:2,&amp;quot;defaultPrinter&amp;quot;:13,&amp;quot;siteId&amp;quot;:&amp;quot;47941&amp;quot;,&amp;quot;siteCode&amp;quot;:&amp;quot;Camrett&amp;quot;,&amp;quot;siteName&amp;quot;:&amp;quot;Camrett&amp;quot;,&amp;quot;countryCode&amp;quot;:&amp;quot;US&amp;quot;,&amp;quot;companyCode&amp;quot;:&amp;quot;US10&amp;quot;,&amp;quot;address&amp;quot;:&amp;quot;Camrett Logistics, 6540 Viscoe Road,Radford,VA 24141&amp;quot;,&amp;quot;setUp&amp;quot;:&amp;quot;AISLE&amp;quot;,&amp;quot;qiSupported&amp;quot;:true},{&amp;quot;id&amp;quot;:8,&amp;quot;version&amp;quot;:2,&amp;quot;defaultPrinter&amp;quot;:6,&amp;quot;siteId&amp;quot;:&amp;quot;8374&amp;quot;,&amp;quot;siteCode&amp;quot;:&amp;quot;AGE PT&amp;quot;,&amp;quot;siteName&amp;quot;:&amp;quot;GTO Ageo Eng Assy plant/GTT Proto WS&amp;quot;,&amp;quot;countryCode&amp;quot;:&amp;quot;JP&amp;quot;,&amp;quot;companyCode&amp;quot;:&amp;quot;JP40&amp;quot;,&amp;quot;address&amp;quot;:&amp;quot;Street 1-1 Postal Code 362-8523, AGEO-SHI&amp;quot;,&amp;quot;setUp&amp;quot;:&amp;quot;ROW&amp;quot;,&amp;quot;qiSupported&amp;quot;:true},{&amp;quot;id&amp;quot;:15,&amp;quot;version&amp;quot;:1,&amp;quot;defaultPrinter&amp;quot;:24,&amp;quot;siteId&amp;quot;:&amp;quot;37837&amp;quot;,&amp;quot;siteCode&amp;quot;:&amp;quot;37837&amp;quot;,&amp;quot;siteName&amp;quot;:&amp;quot;GTT Australia proto WS&amp;quot;,&amp;quot;countryCode&amp;quot;:&amp;quot;AU&amp;quot;,&amp;quot;companyCode&amp;quot;:&amp;quot;AU04&amp;quot;,&amp;quot;address&amp;quot;:&amp;quot;Volvo Group Trucks Technology,36 Viking Drive,Wacol QLD 4076, Australia&amp;quot;,&amp;quot;setUp&amp;quot;:&amp;quot;ROW&amp;quot;,&amp;quot;qiSupported&amp;quot;:false},{&amp;quot;id&amp;quot;:3,&amp;quot;version&amp;quot;:1,&amp;quot;defaultPrinter&amp;quot;:0,&amp;quot;siteId&amp;quot;:&amp;quot;36012&amp;quot;,&amp;quot;siteCode&amp;quot;:&amp;quot;BL Gare X2&amp;quot;,&amp;quot;siteName&amp;quot;:&amp;quot;GTT Blainville Gare X2&amp;quot;,&amp;quot;countryCode&amp;quot;:&amp;quot;FR&amp;quot;,&amp;quot;companyCode&amp;quot;:&amp;quot;FR46&amp;quot;,&amp;quot;address&amp;quot;:&amp;quot;rue du Canal, 14550, BLAINVILLE-SUR-ORNE&amp;quot;,&amp;quot;setUp&amp;quot;:&amp;quot;ROW&amp;quot;,&amp;quot;qiSupported&amp;quot;:false},{&amp;quot;id&amp;quot;:6,&amp;quot;version&amp;quot;:2,&amp;quot;defaultPrinter&amp;quot;:2,&amp;quot;siteId&amp;quot;:&amp;quot;47670&amp;quot;,&amp;quot;siteCode&amp;quot;:&amp;quot;CUR BLCW&amp;quot;,&amp;quot;siteName&amp;quot;:&amp;quot;GTT Curitiba Prototype Warehouse&amp;quot;,&amp;quot;countryCode&amp;quot;:&amp;quot;BR&amp;quot;,&amp;quot;companyCode&amp;quot;:&amp;quot;BR03&amp;quot;,&amp;quot;address&amp;quot;:&amp;quot;Av. Juscelino K de Oliveira, 2600, CURITIBA&amp;quot;,&amp;quot;setUp&amp;quot;:&amp;quot;AISLE&amp;quot;,&amp;quot;qiSupported&amp;quot;:true},{&amp;quot;id&amp;quot;:13,&amp;quot;version&amp;quot;:2,&amp;quot;defaultPrinter&amp;quot;:0,&amp;quot;siteId&amp;quot;:&amp;quot;4042&amp;quot;,&amp;quot;siteCode&amp;quot;:&amp;quot;GSO&amp;quot;,&amp;quot;siteName&amp;quot;:&amp;quot;GTT Greensboro Proto WS&amp;quot;,&amp;quot;countryCode&amp;quot;:&amp;quot;US&amp;quot;,&amp;quot;companyCode&amp;quot;:&amp;quot;US10&amp;quot;,&amp;quot;address&amp;quot;:&amp;quot;661 Brigham Road, Suite 100, NC-27409, Greensboro,United States&amp;quot;,&amp;quot;setUp&amp;quot;:&amp;quot;AISLE&amp;quot;,&amp;quot;qiSupported&amp;quot;:true},{&amp;quot;id&amp;quot;:7,&amp;quot;version&amp;quot;:2,&amp;quot;defaultPrinter&amp;quot;:5,&amp;quot;siteId&amp;quot;:&amp;quot;45907&amp;quot;,&amp;quot;siteCode&amp;quot;:&amp;quot;HAG PP&amp;quot;,&amp;quot;siteName&amp;quot;:&amp;quot;GTT Hagerstown Proto warehouse&amp;quot;,&amp;quot;countryCode&amp;quot;:&amp;quot;US&amp;quot;,&amp;quot;companyCode&amp;quot;:&amp;quot;US45&amp;quot;,&amp;quot;address&amp;quot;:&amp;quot;Drop Area B-3, 13302 Pennsylvania Avenue, 21742 HAGERSTOWN&amp;quot;,&amp;quot;setUp&amp;quot;:&amp;quot;AISLE&amp;quot;,&amp;quot;qiSupported&amp;quot;:true},{&amp;quot;id&amp;quot;:5,&amp;quot;version&amp;quot;:2,&amp;quot;defaultPrinter&amp;quot;:3,&amp;quot;siteId&amp;quot;:&amp;quot;42102&amp;quot;,&amp;quot;siteCode&amp;quot;:&amp;quot;GTT BLR&amp;quot;,&amp;quot;siteName&amp;quot;:&amp;quot;GTT Hoskote Proto WS&amp;quot;,&amp;quot;countryCode&amp;quot;:&amp;quot;IN&amp;quot;,&amp;quot;companyCode&amp;quot;:&amp;quot;IN01&amp;quot;,&amp;quot;address&amp;quot;:&amp;quot;Yalachahally,Taverekere Post, Hosakote&amp;quot;,&amp;quot;setUp&amp;quot;:&amp;quot;ROW&amp;quot;,&amp;quot;qiSupported&amp;quot;:true},{&amp;quot;id&amp;quot;:10,&amp;quot;version&amp;quot;:8,&amp;quot;defaultPrinter&amp;quot;:16,&amp;quot;siteId&amp;quot;:&amp;quot;1722&amp;quot;,&amp;quot;siteCode&amp;quot;:&amp;quot;PE Lundby&amp;quot;,&amp;quot;siteName&amp;quot;:&amp;quot;GTT Lundby (O, UV) Proto WS&amp;quot;,&amp;quot;countryCode&amp;quot;:&amp;quot;SE&amp;quot;,&amp;quot;companyCode&amp;quot;:&amp;quot;SE04&amp;quot;,&amp;quot;address&amp;quot;:&amp;quot;Lundby &amp;quot;,&amp;quot;setUp&amp;quot;:&amp;quot;ROW&amp;quot;,&amp;quot;qiSupported&amp;quot;:true},{&amp;quot;id&amp;quot;:12,&amp;quot;version&amp;quot;:3,&amp;quot;defaultPrinter&amp;quot;:14,&amp;quot;siteId&amp;quot;:&amp;quot;664&amp;quot;,&amp;quot;siteCode&amp;quot;:&amp;quot;N5&amp;quot;,&amp;quot;siteName&amp;quot;:&amp;quot;GTT Lundby, Prototype warehouse (N5)&amp;quot;,&amp;quot;countryCode&amp;quot;:&amp;quot;SE&amp;quot;,&amp;quot;companyCode&amp;quot;:&amp;quot;SE04&amp;quot;,&amp;quot;address&amp;quot;:&amp;quot;Volvo Trucks Corperation, GTT Lundby, Prototype warehouse N5/187 John Bunyans väg 3, SE-41729, Göteborg Sweden&amp;quot;,&amp;quot;setUp&amp;quot;:&amp;quot;ROW&amp;quot;,&amp;quot;qiSupported&amp;quot;:true},{&amp;quot;id&amp;quot;:11,&amp;quot;version&amp;quot;:2,&amp;quot;defaultPrinter&amp;quot;:10,&amp;quot;siteId&amp;quot;:&amp;quot;2919&amp;quot;,&amp;quot;siteCode&amp;quot;:&amp;quot;MAL&amp;quot;,&amp;quot;siteName&amp;quot;:&amp;quot;GTT Malmö Prototype workshop&amp;quot;,&amp;quot;countryCode&amp;quot;:&amp;quot;SE&amp;quot;,&amp;quot;companyCode&amp;quot;:&amp;quot;SE04&amp;quot;,&amp;quot;address&amp;quot;:&amp;quot;Volvo Powertrain AB, Jägershillgatan 22, 213 75 MALMÖ&amp;quot;,&amp;quot;setUp&amp;quot;:&amp;quot;ROW&amp;quot;,&amp;quot;qiSupported&amp;quot;:true},{&amp;quot;id&amp;quot;:2,&amp;quot;version&amp;quot;:2,&amp;quot;defaultPrinter&amp;quot;:1,&amp;quot;siteId&amp;quot;:&amp;quot;34347&amp;quot;,&amp;quot;siteCode&amp;quot;:&amp;quot;LY Gare 54&amp;quot;,&amp;quot;siteName&amp;quot;:&amp;quot;GTT Saint-Priest Gare 54 Prototype warehouse&amp;quot;,&amp;quot;countryCode&amp;quot;:&amp;quot;FR&amp;quot;,&amp;quot;companyCode&amp;quot;:&amp;quot;FR46&amp;quot;,&amp;quot;address&amp;quot;:&amp;quot;1 Av Henri Germain Postal Code 69802 SAINT-PRIEST CEDEX&amp;quot;,&amp;quot;setUp&amp;quot;:&amp;quot;ROW&amp;quot;,&amp;quot;qiSupported&amp;quot;:true},{&amp;quot;id&amp;quot;:1,&amp;quot;version&amp;quot;:1,&amp;quot;defaultPrinter&amp;quot;:0,&amp;quot;siteId&amp;quot;:&amp;quot;34331&amp;quot;,&amp;quot;siteCode&amp;quot;:&amp;quot;LY GARE 55&amp;quot;,&amp;quot;siteName&amp;quot;:&amp;quot;GTT Saint-Priest Gare 55&amp;quot;,&amp;quot;countryCode&amp;quot;:&amp;quot;FR&amp;quot;,&amp;quot;companyCode&amp;quot;:&amp;quot;FR46&amp;quot;,&amp;quot;address&amp;quot;:&amp;quot;Renault trucks gare 55, 99 route de Lyon, 69806, SAINT PRIEST&amp;quot;,&amp;quot;setUp&amp;quot;:&amp;quot;ROW&amp;quot;,&amp;quot;qiSupported&amp;quot;:false},{&amp;quot;id&amp;quot;:4,&amp;quot;version&amp;quot;:1,&amp;quot;defaultPrinter&amp;quot;:0,&amp;quot;siteId&amp;quot;:&amp;quot;40382&amp;quot;,&amp;quot;siteCode&amp;quot;:&amp;quot;LY Gare C8&amp;quot;,&amp;quot;siteName&amp;quot;:&amp;quot;GTT Saint-Priest Gare C8&amp;quot;,&amp;quot;countryCode&amp;quot;:&amp;quot;FR&amp;quot;,&amp;quot;companyCode&amp;quot;:&amp;quot;FR46&amp;quot;,&amp;quot;address&amp;quot;:&amp;quot;Renault Trucks gare C8, 99 route de Lyon, 69806, SAINT PRIEST&amp;quot;,&amp;quot;setUp&amp;quot;:&amp;quot;ROW&amp;quot;,&amp;quot;qiSupported&amp;quot;:false},{&amp;quot;id&amp;quot;:9,&amp;quot;version&amp;quot;:2,&amp;quot;defaultPrinter&amp;quot;:9,&amp;quot;siteId&amp;quot;:&amp;quot;1620&amp;quot;,&amp;quot;siteCode&amp;quot;:&amp;quot;SKO PP&amp;quot;,&amp;quot;siteName&amp;quot;:&amp;quot;GTT Skövde Proto&amp;quot;,&amp;quot;countryCode&amp;quot;:&amp;quot;SE&amp;quot;,&amp;quot;companyCode&amp;quot;:&amp;quot;SE04&amp;quot;,&amp;quot;address&amp;quot;:&amp;quot;Volvovägen 5 F-Port, 541 87 SKÖVDE&amp;quot;,&amp;quot;setUp&amp;quot;:&amp;quot;ROW&amp;quot;,&amp;quot;qiSupported&amp;quot;:true}]
">
      <![CDATA[java.lang.AssertionError: 1 expectation failed.
Response body doesn't match expectation.
Expected: a string containing "[{\"id\":14,\"version\":2,\"defaultPrinter\":13,\"siteId\":\"47941\",\"siteCode\":\"Camrett\",\"siteName\":\"Camrett\",\"countryCode\":\"US\",\"companyCode\":\"US10\",\"address\":\"Camrett Logistics, 6540 Viscoe Road,Radford,VA 24141\",\"setUp\":\"AISLE\",\"qiSupported\":true},{\"id\":8,\"version\":2,\"defaultPrinter\":6,\"siteId\":\"8374\",\"siteCode\":\"AGE PT\",\"siteName\":\"GTO Ageo Eng Assy plant/GTT Proto WS\",\"countryCode\":\"JP\",\"companyCode\":\"JP40\",\"address\":\"Street 1-1 Postal Code 362-8523, AGEO-SHI\",\"setUp\":\"ROW\",\"qiSupported\":true},{\"id\":15,\"version\":1,\"defaultPrinter\":24,\"siteId\":\"37837\",\"siteCode\":\"37837\",\"siteName\":\"GTT Australia proto WS\",\"countryCode\":\"AU\",\"companyCode\":\"AU04\",\"address\":\"Volvo Group Trucks Technology,36 Viking Drive,Wacol QLD 4076, Australia\",\"setUp\":\"ROW\",\"qiSupported\":false},{\"id\":3,\"version\":1,\"defaultPrinter\":0,\"siteId\":\"36012\",\"siteCode\":\"BL Gare X2\",\"siteName\":\"GTT Blainville Gare X2\",\"countryCode\":\"FR\",\"companyCode\":\"FR46\",\"address\":\"rue du Canal, 14550, BLAINVILLE-SUR-ORNE\",\"setUp\":\"ROW\",\"qiSupported\":false},{\"id\":6,\"version\":2,\"defaultPrinter\":2,\"siteId\":\"47670\",\"siteCode\":\"CUR BLCW\",\"siteName\":\"GTT Curitiba Prototype Warehouse\",\"countryCode\":\"BR\",\"companyCode\":\"BR03\",\"address\":\"Av. Juscelino K de Oliveira, 2600, CURITIBA\",\"setUp\":\"AISLE\",\"qiSupported\":true},{\"id\":13,\"version\":2,\"defaultPrinter\":0,\"siteId\":\"4042\",\"siteCode\":\"GSO\",\"siteName\":\"GTT Greensboro Proto WS\",\"countryCode\":\"US\",\"companyCode\":\"US10\",\"address\":\"661 Brigham Road, Suite 100, NC-27409, Greensboro,United States\",\"setUp\":\"AISLE\",\"qiSupported\":true},{\"id\":7,\"version\":2,\"defaultPrinter\":5,\"siteId\":\"45907\",\"siteCode\":\"HAG PP\",\"siteName\":\"GTT Hagerstown Proto warehouse\",\"countryCode\":\"US\",\"companyCode\":\"US45\",\"address\":\"Drop Area B-3, 13302 Pennsylvania Avenue, 21742 HAGERSTOWN\",\"setUp\":\"AISLE\",\"qiSupported\":true},{\"id\":5,\"version\":2,\"defaultPrinter\":3,\"siteId\":\"42102\",\"siteCode\":\"GTT BLR\",\"siteName\":\"GTT Hoskote Proto WS\",\"countryCode\":\"IN\",\"companyCode\":\"IN01\",\"address\":\"Yalachahally,Taverekere Post, Hosakote\",\"setUp\":\"ROW\",\"qiSupported\":true},{\"id\":10,\"version\":8,\"defaultPrinter\":16,\"siteId\":\"1722\",\"siteCode\":\"PE Lundby\",\"siteName\":\"GTT Lundby (O, UV) Proto WS\",\"countryCode\":\"SE\",\"companyCode\":\"SE04\",\"address\":\"Lundby \",\"setUp\":\"ROW\",\"qiSupported\":true},{\"id\":12,\"version\":3,\"defaultPrinter\":14,\"siteId\":\"664\",\"siteCode\":\"N5\",\"siteName\":\"GTT Lundby, Prototype warehouse (N5)\",\"countryCode\":\"SE\",\"companyCode\":\"SE04\",\"address\":\"Volvo Trucks Corperation, GTT Lundby, Prototype warehouse N5/187 John Bunyans v?g 3, SE-41729, G?teborg Sweden\",\"setUp\":\"ROW\",\"qiSupported\":true},{\"id\":11,\"version\":2,\"defaultPrinter\":10,\"siteId\":\"2919\",\"siteCode\":\"MAL\",\"siteName\":\"GTT Malm? Prototype workshop\",\"countryCode\":\"SE\",\"companyCode\":\"SE04\",\"address\":\"Volvo Powertrain AB, J?gershillgatan 22, 213 75 MALM?\",\"setUp\":\"ROW\",\"qiSupported\":true},{\"id\":2,\"version\":2,\"defaultPrinter\":1,\"siteId\":\"34347\",\"siteCode\":\"LY Gare 54\",\"siteName\":\"GTT Saint-Priest Gare 54 Prototype warehouse\",\"countryCode\":\"FR\",\"companyCode\":\"FR46\",\"address\":\"1 Av Henri Germain Postal Code 69802 SAINT-PRIEST CEDEX\",\"setUp\":\"ROW\",\"qiSupported\":true},{\"id\":1,\"version\":1,\"defaultPrinter\":0,\"siteId\":\"34331\",\"siteCode\":\"LY GARE 55\",\"siteName\":\"GTT Saint-Priest Gare 55\",\"countryCode\":\"FR\",\"companyCode\":\"FR46\",\"address\":\"Renault trucks gare 55, 99 route de Lyon, 69806, SAINT PRIEST\",\"setUp\":\"ROW\",\"qiSupported\":false},{\"id\":4,\"version\":1,\"defaultPrinter\":0,\"siteId\":\"40382\",\"siteCode\":\"LY Gare C8\",\"siteName\":\"GTT Saint-Priest Gare C8\",\"countryCode\":\"FR\",\"companyCode\":\"FR46\",\"address\":\"Renault Trucks gare C8, 99 route de Lyon, 69806, SAINT PRIEST\",\"setUp\":\"ROW\",\"qiSupported\":false},{\"id\":9,\"version\":2,\"defaultPrinter\":9,\"siteId\":\"1620\",\"siteCode\":\"SKO PP\",\"siteName\":\"GTT Sk?vde Proto\",\"countryCode\":\"SE\",\"companyCode\":\"SE04\",\"address\":\"Volvov?gen 5 F-Port, 541 87 SK?VDE\",\"setUp\":\"ROW\",\"qiSupported\":true}]"
  Actual: [{"id":14,"version":2,"defaultPrinter":13,"siteId":"47941","siteCode":"Camrett","siteName":"Camrett","countryCode":"US","companyCode":"US10","address":"Camrett Logistics, 6540 Viscoe Road,Radford,VA 24141","setUp":"AISLE","qiSupported":true},{"id":8,"version":2,"defaultPrinter":6,"siteId":"8374","siteCode":"AGE PT","siteName":"GTO Ageo Eng Assy plant/GTT Proto WS","countryCode":"JP","companyCode":"JP40","address":"Street 1-1 Postal Code 362-8523, AGEO-SHI","setUp":"ROW","qiSupported":true},{"id":15,"version":1,"defaultPrinter":24,"siteId":"37837","siteCode":"37837","siteName":"GTT Australia proto WS","countryCode":"AU","companyCode":"AU04","address":"Volvo Group Trucks Technology,36 Viking Drive,Wacol QLD 4076, Australia","setUp":"ROW","qiSupported":false},{"id":3,"version":1,"defaultPrinter":0,"siteId":"36012","siteCode":"BL Gare X2","siteName":"GTT Blainville Gare X2","countryCode":"FR","companyCode":"FR46","address":"rue du Canal, 14550, BLAINVILLE-SUR-ORNE","setUp":"ROW","qiSupported":false},{"id":6,"version":2,"defaultPrinter":2,"siteId":"47670","siteCode":"CUR BLCW","siteName":"GTT Curitiba Prototype Warehouse","countryCode":"BR","companyCode":"BR03","address":"Av. Juscelino K de Oliveira, 2600, CURITIBA","setUp":"AISLE","qiSupported":true},{"id":13,"version":2,"defaultPrinter":0,"siteId":"4042","siteCode":"GSO","siteName":"GTT Greensboro Proto WS","countryCode":"US","companyCode":"US10","address":"661 Brigham Road, Suite 100, NC-27409, Greensboro,United States","setUp":"AISLE","qiSupported":true},{"id":7,"version":2,"defaultPrinter":5,"siteId":"45907","siteCode":"HAG PP","siteName":"GTT Hagerstown Proto warehouse","countryCode":"US","companyCode":"US45","address":"Drop Area B-3, 13302 Pennsylvania Avenue, 21742 HAGERSTOWN","setUp":"AISLE","qiSupported":true},{"id":5,"version":2,"defaultPrinter":3,"siteId":"42102","siteCode":"GTT BLR","siteName":"GTT Hoskote Proto WS","countryCode":"IN","companyCode":"IN01","address":"Yalachahally,Taverekere Post, Hosakote","setUp":"ROW","qiSupported":true},{"id":10,"version":8,"defaultPrinter":16,"siteId":"1722","siteCode":"PE Lundby","siteName":"GTT Lundby (O, UV) Proto WS","countryCode":"SE","companyCode":"SE04","address":"Lundby ","setUp":"ROW","qiSupported":true},{"id":12,"version":3,"defaultPrinter":14,"siteId":"664","siteCode":"N5","siteName":"GTT Lundby, Prototype warehouse (N5)","countryCode":"SE","companyCode":"SE04","address":"Volvo Trucks Corperation, GTT Lundby, Prototype warehouse N5/187 John Bunyans väg 3, SE-41729, Göteborg Sweden","setUp":"ROW","qiSupported":true},{"id":11,"version":2,"defaultPrinter":10,"siteId":"2919","siteCode":"MAL","siteName":"GTT Malmö Prototype workshop","countryCode":"SE","companyCode":"SE04","address":"Volvo Powertrain AB, Jägershillgatan 22, 213 75 MALMÖ","setUp":"ROW","qiSupported":true},{"id":2,"version":2,"defaultPrinter":1,"siteId":"34347","siteCode":"LY Gare 54","siteName":"GTT Saint-Priest Gare 54 Prototype warehouse","countryCode":"FR","companyCode":"FR46","address":"1 Av Henri Germain Postal Code 69802 SAINT-PRIEST CEDEX","setUp":"ROW","qiSupported":true},{"id":1,"version":1,"defaultPrinter":0,"siteId":"34331","siteCode":"LY GARE 55","siteName":"GTT Saint-Priest Gare 55","countryCode":"FR","companyCode":"FR46","address":"Renault trucks gare 55, 99 route de Lyon, 69806, SAINT PRIEST","setUp":"ROW","qiSupported":false},{"id":4,"version":1,"defaultPrinter":0,"siteId":"40382","siteCode":"LY Gare C8","siteName":"GTT Saint-Priest Gare C8","countryCode":"FR","companyCode":"FR46","address":"Renault Trucks gare C8, 99 route de Lyon, 69806, SAINT PRIEST","setUp":"ROW","qiSupported":false},{"id":9,"version":2,"defaultPrinter":9,"siteId":"1620","siteCode":"SKO PP","siteName":"GTT Skövde Proto","countryCode":"SE","companyCode":"SE04","address":"Volvovägen 5 F-Port, 541 87 SKÖVDE","setUp":"ROW","qiSupported":true}]

at org.codehaus.groovy.runtime.callsite.ConstructorSite$ConstructorSiteNoUnwrap.callConstructor(ConstructorSite.java:84)
at org.codehaus.groovy.runtime.callsite.AbstractCallSite.callConstructor(AbstractCallSite.java:249)
at io.restassured.internal.ResponseSpecificationImpl$HamcrestAssertionClosure.validate(ResponseSpecificationImpl.groovy:493)
at io.restassured.internal.ResponseSpecificationImpl$HamcrestAssertionClosure$validate$1.call(Unknown Source)
at io.restassured.internal.ResponseSpecificationImpl.validateResponseIfRequired(ResponseSpecificationImpl.groovy:674)
at org.codehaus.groovy.runtime.callsite.PlainObjectMetaMethodSite.doInvoke(PlainObjectMetaMethodSite.java:43)
at org.codehaus.groovy.runtime.callsite.PogoMetaMethodSite$PogoCachedMethodSiteNoUnwrapNoCoerce.invoke(PogoMetaMethodSite.java:190)
at org.codehaus.groovy.runtime.callsite.PogoMetaMethodSite.callCurrent(PogoMetaMethodSite.java:58)
at org.codehaus.groovy.runtime.callsite.AbstractCallSite.callCurrent(AbstractCallSite.java:168)
at io.restassured.internal.ResponseSpecificationImpl.body(ResponseSpecificationImpl.groovy:98)
at io.restassured.internal.ValidatableResponseOptionsImpl.body(ValidatableResponseOptionsImpl.java:238)
at io.restassured.internal.ValidatableResponseImpl.super$2$body(ValidatableResponseImpl.groovy)
at groovy.lang.MetaMethod.doMethodInvoke(MetaMethod.java:323)
at groovy.lang.MetaClassImpl.invokeMethod(MetaClassImpl.java:1217)
at org.codehaus.groovy.runtime.ScriptBytecodeAdapter.invokeMethodOnSuperN(ScriptBytecodeAdapter.java:144)
at io.restassured.internal.ValidatableResponseImpl.body(ValidatableResponseImpl.groovy:293)
at io.restassured.internal.ValidatableResponseImpl.body(ValidatableResponseImpl.groovy)
at com.volvo.gloria.RequestListOverview.RequestListOverviewTest.GetRequestListOverviewWarehouse(RequestListOverviewTest.java:35)
... Removed 38 stack frames]]>
    </failure>
  </testcase> <!-- GetRequestListOverviewWarehouse -->
  <testcase name="@BeforeSuite setUp" time="0.0" classname="com.volvo.gloria.GenericLibrary.BaseClass">
    <ignored/>
  </testcase> <!-- @BeforeSuite setUp -->
</testsuite> <!-- Test2 -->
